<?xml version="1.0" encoding="UTF-8"?>
<!-- Generated by org.testng.reporters.JUnitXMLReporter -->
<testsuite ignored="0" hostname="DESKTOP-BP3T59L" failures="1" tests="1" name="test_cart" time="86.72" errors="0" timestamp="03 Jun 2020 09:27:11 GMT">
  <testcase classname="testcases.CartPageTest" name="verifyProductInCart" time="30.484">
    <failure type="java.lang.AssertionError" message="ProductBreathe-Easy Tank is not added to cart expected [true] but found [false]">
      <![CDATA[java.lang.AssertionError: ProductBreathe-Easy Tank is not added to cart expected [true] but found [false]
at testcases.CartPageTest.verifyProductInfoInCart(CartPageTest.java:61)
at testcases.CartPageTest.verifyProductInCart(CartPageTest.java:69)
at java.base/java.util.concurrent.FutureTask.run(FutureTask.java:264)
at java.base/java.util.concurrent.ThreadPoolExecutor.runWorker(ThreadPoolExecutor.java:1128)
at java.base/java.util.concurrent.ThreadPoolExecutor$Worker.run(ThreadPoolExecutor.java:628)
at java.base/java.lang.Thread.run(Thread.java:830)
... Removed 19 stack frames]]>
    </failure>
  </testcase> <!-- verifyProductInCart -->
</testsuite> <!-- test_cart -->
